0 info it worked if it ends with ok
1 verbose cli [ '/usr/bin/node', '/usr/bin/npm', 'run', 'gulp' ]
2 info using npm@3.5.2
3 info using node@v8.10.0
4 verbose run-script [ 'pregulp', 'gulp', 'postgulp' ]
5 info lifecycle coutojs@1.0.0~pregulp: coutojs@1.0.0
6 silly lifecycle coutojs@1.0.0~pregulp: no script for pregulp, continuing
7 info lifecycle coutojs@1.0.0~gulp: coutojs@1.0.0
8 verbose lifecycle coutojs@1.0.0~gulp: unsafe-perm in lifecycle true
9 verbose lifecycle coutojs@1.0.0~gulp: PATH: /usr/share/npm/bin/node-gyp-bin:/home/couto/Documentos/Web Moderno/NodeJS/node_modules/.bin:/home/couto/gems/bin:/home/couto/gems/bin:/usr/local/sbin:/usr/local/bin:/usr/sbin:/usr/bin:/sbin:/bin:/usr/games:/usr/local/games
10 verbose lifecycle coutojs@1.0.0~gulp: CWD: /home/couto/Documentos/Web Moderno/NodeJS
11 silly lifecycle coutojs@1.0.0~gulp: Args: [ '-c', 'gulp' ]
12 silly lifecycle coutojs@1.0.0~gulp: Returned: code: 1  signal: null
13 info lifecycle coutojs@1.0.0~gulp: Failed to exec gulp script
14 verbose stack Error: coutojs@1.0.0 gulp: `gulp`
14 verbose stack Exit status 1
14 verbose stack     at EventEmitter.<anonymous> (/usr/share/npm/lib/utils/lifecycle.js:232:16)
14 verbose stack     at emitTwo (events.js:126:13)
14 verbose stack     at EventEmitter.emit (events.js:214:7)
14 verbose stack     at ChildProcess.<anonymous> (/usr/share/npm/lib/utils/spawn.js:24:14)
14 verbose stack     at emitTwo (events.js:126:13)
14 verbose stack     at ChildProcess.emit (events.js:214:7)
14 verbose stack     at maybeClose (internal/child_process.js:925:16)
14 verbose stack     at Process.ChildProcess._handle.onexit (internal/child_process.js:209:5)
15 verbose pkgid coutojs@1.0.0
16 verbose cwd /home/couto/Documentos/Web Moderno/NodeJS
17 error Linux 4.15.0-39-generic
18 error argv "/usr/bin/node" "/usr/bin/npm" "run" "gulp"
19 error node v8.10.0
20 error npm  v3.5.2
21 error code ELIFECYCLE
22 error coutojs@1.0.0 gulp: `gulp`
22 error Exit status 1
23 error Failed at the coutojs@1.0.0 gulp script 'gulp'.
23 error Make sure you have the latest version of node.js and npm installed.
23 error If you do, this is most likely a problem with the coutojs package,
23 error not with npm itself.
23 error Tell the author that this fails on your system:
23 error     gulp
23 error You can get information on how to open an issue for this project with:
23 error     npm bugs coutojs
23 error Or if that isn't available, you can get their info via:
23 error     npm owner ls coutojs
23 error There is likely additional logging output above.
24 verbose exit [ 1, true ]
